# JRE version: OpenJDK Runtime Environment (8.0_112-b06) (build 1.8.0_112-release-b06)
# Java VM: OpenJDK 64-Bit Server VM (25.112-b06 mixed mode windows-amd64 compressed oops)
Heap:
 PSYoungGen      total 303104K, used 33789K [0x00000000e0000000, 0x00000000f4f00000, 0x0000000100000000)
  eden space 263168K, 12% used [0x00000000e0000000,0x00000000e20c77b0,0x00000000f0100000)
  from space 39936K, 0% used [0x00000000f0100000,0x00000000f0138000,0x00000000f2800000)
  to   space 33280K, 0% used [0x00000000f2e80000,0x00000000f2e80000,0x00000000f4f00000)
 ParOldGen       total 164352K, used 101945K [0x00000000a0000000, 0x00000000aa080000, 0x00000000e0000000)
  object space 164352K, 62% used [0x00000000a0000000,0x00000000a638e430,0x00000000aa080000)
 Metaspace       used 71565K, capacity 74966K, committed 75008K, reserved 1114112K
  class space    used 9245K, capacity 9975K, committed 9984K, reserved 1048576K
GC Heap History (10 events):
Event: 512.710 GC heap before
{Heap before GC invocations=23 (full 3):
 PSYoungGen      total 210944K, used 210921K [0x00000000e0000000, 0x00000000f2000000, 0x0000000100000000)
  eden space 185856K, 100% used [0x00000000e0000000,0x00000000eb580000,0x00000000eb580000)
  from space 25088K, 99% used [0x00000000eb580000,0x00000000ecdfa4a8,0x00000000ece00000)
  to   space 37888K, 0% used [0x00000000efb00000,0x00000000efb00000,0x00000000f2000000)
 ParOldGen       total 95744K, used 73884K [0x00000000a0000000, 0x00000000a5d80000, 0x00000000e0000000)
  object space 95744K, 77% used [0x00000000a0000000,0x00000000a4827038,0x00000000a5d80000)
 Metaspace       used 67910K, capacity 70882K, committed 71040K, reserved 1110016K
  class space    used 8873K, capacity 9543K, committed 9600K, reserved 1048576K
Event: 512.848 GC heap after
Heap after GC invocations=23 (full 3):
 PSYoungGen      total 253440K, used 31186K [0x00000000e0000000, 0x00000000f3480000, 0x0000000100000000)
  eden space 215552K, 0% used [0x00000000e0000000,0x00000000e0000000,0x00000000ed280000)
  from space 37888K, 82% used [0x00000000efb00000,0x00000000f1974ab0,0x00000000f2000000)
  to   space 41472K, 0% used [0x00000000ed280000,0x00000000ed280000,0x00000000efb00000)
 ParOldGen       total 95744K, used 90370K [0x00000000a0000000, 0x00000000a5d80000, 0x00000000e0000000)
  object space 95744K, 94% used [0x00000000a0000000,0x00000000a58409c8,0x00000000a5d80000)
 Metaspace       used 67910K, capacity 70882K, committed 71040K, reserved 1110016K
  class space    used 8873K, capacity 9543K, committed 9600K, reserved 1048576K
}
Event: 512.848 GC heap before
{Heap before GC invocations=24 (full 4):
 PSYoungGen      total 253440K, used 31186K [0x00000000e0000000, 0x00000000f3480000, 0x0000000100000000)
  eden space 215552K, 0% used [0x00000000e0000000,0x00000000e0000000,0x00000000ed280000)
  from space 37888K, 82% used [0x00000000efb00000,0x00000000f1974ab0,0x00000000f2000000)
  to   space 41472K, 0% used [0x00000000ed280000,0x00000000ed280000,0x00000000efb00000)
 ParOldGen       total 95744K, used 90370K [0x00000000a0000000, 0x00000000a5d80000, 0x00000000e0000000)
  object space 95744K, 94% used [0x00000000a0000000,0x00000000a58409c8,0x00000000a5d80000)
 Metaspace       used 67910K, capacity 70882K, committed 71040K, reserved 1110016K
  class space    used 8873K, capacity 9543K, committed 9600K, reserved 1048576K
Event: 513.510 GC heap after
Heap after GC invocations=24 (full 4):
 PSYoungGen      total 253440K, used 0K [0x00000000e0000000, 0x00000000f3480000, 0x0000000100000000)
  eden space 215552K, 0% used [0x00000000e0000000,0x00000000e0000000,0x00000000ed280000)
  from space 37888K, 0% used [0x00000000efb00000,0x00000000efb00000,0x00000000f2000000)
  to   space 41472K, 0% used [0x00000000ed280000,0x00000000ed280000,0x00000000efb00000)
 ParOldGen       total 164352K, used 92647K [0x00000000a0000000, 0x00000000aa080000, 0x00000000e0000000)
  object space 164352K, 56% used [0x00000000a0000000,0x00000000a5a79f58,0x00000000aa080000)
 Metaspace       used 67908K, capacity 70876K, committed 71040K, reserved 1110016K
  class space    used 8872K, capacity 9542K, committed 9600K, reserved 1048576K
}
Event: 1466.011 GC heap before
{Heap before GC invocations=25 (full 4):
 PSYoungGen      total 253440K, used 215552K [0x00000000e0000000, 0x00000000f3480000, 0x0000000100000000)
  eden space 215552K, 100% used [0x00000000e0000000,0x00000000ed280000,0x00000000ed280000)
  from space 37888K, 0% used [0x00000000efb00000,0x00000000efb00000,0x00000000f2000000)
  to   space 41472K, 0% used [0x00000000ed280000,0x00000000ed280000,0x00000000efb00000)
 ParOldGen       total 164352K, used 92647K [0x00000000a0000000, 0x00000000aa080000, 0x00000000e0000000)
  object space 164352K, 56% used [0x00000000a0000000,0x00000000a5a79f58,0x00000000aa080000)
 Metaspace       used 70815K, capacity 73892K, committed 73984K, reserved 1114112K
  class space    used 9197K, capacity 9894K, committed 9984K, reserved 1048576K
Event: 1466.155 GC heap after
Heap after GC invocations=25 (full 4):
 PSYoungGen      total 257024K, used 7061K [0x00000000e0000000, 0x00000000f5680000, 0x0000000100000000)
  eden space 215552K, 0% used [0x00000000e0000000,0x00000000e0000000,0x00000000ed280000)
  from space 41472K, 17% used [0x00000000ed280000,0x00000000ed965568,0x00000000efb00000)
  to   space 40960K, 0% used [0x00000000f2e80000,0x00000000f2e80000,0x00000000f5680000)
 ParOldGen       total 164352K, used 92655K [0x00000000a0000000, 0x00000000aa080000, 0x00000000e0000000)
  object space 164352K, 56% used [0x00000000a0000000,0x00000000a5a7bf58,0x00000000aa080000)
 Metaspace       used 70815K, capacity 73892K, committed 73984K, reserved 1114112K
  class space    used 9197K, capacity 9894K, committed 9984K, reserved 1048576K
}
Event: 2221.895 GC heap before
{Heap before GC invocations=26 (full 4):
 PSYoungGen      total 257024K, used 221764K [0x00000000e0000000, 0x00000000f5680000, 0x0000000100000000)
  eden space 215552K, 99% used [0x00000000e0000000,0x00000000ed1abd20,0x00000000ed280000)
  from space 41472K, 17% used [0x00000000ed280000,0x00000000ed965568,0x00000000efb00000)
  to   space 40960K, 0% used [0x00000000f2e80000,0x00000000f2e80000,0x00000000f5680000)
 ParOldGen       total 164352K, used 92655K [0x00000000a0000000, 0x00000000aa080000, 0x00000000e0000000)
  object space 164352K, 56% used [0x00000000a0000000,0x00000000a5a7bf58,0x00000000aa080000)
 Metaspace       used 71287K, capacity 74634K, committed 74752K, reserved 1114112K
  class space    used 9231K, capacity 9937K, committed 9984K, reserved 1048576K
Event: 2223.067 GC heap after
Heap after GC invocations=26 (full 4):
 PSYoungGen      total 296448K, used 6075K [0x00000000e0000000, 0x00000000f4f00000, 0x0000000100000000)
  eden space 263168K, 0% used [0x00000000e0000000,0x00000000e0000000,0x00000000f0100000)
  from space 33280K, 18% used [0x00000000f2e80000,0x00000000f346ed28,0x00000000f4f00000)
  to   space 39936K, 0% used [0x00000000f0100000,0x00000000f0100000,0x00000000f2800000)
 ParOldGen       total 164352K, used 97144K [0x00000000a0000000, 0x00000000aa080000, 0x00000000e0000000)
  object space 164352K, 59% used [0x00000000a0000000,0x00000000a5ede3c0,0x00000000aa080000)
 Metaspace       used 71287K, capacity 74634K, committed 74752K, reserved 1114112K
  class space    used 9231K, capacity 9937K, committed 9984K, reserved 1048576K
}
Event: 2248.534 GC heap before
{Heap before GC invocations=27 (full 4):
 PSYoungGen      total 296448K, used 269243K [0x00000000e0000000, 0x00000000f4f00000, 0x0000000100000000)
  eden space 263168K, 100% used [0x00000000e0000000,0x00000000f0100000,0x00000000f0100000)
  from space 33280K, 18% used [0x00000000f2e80000,0x00000000f346ed28,0x00000000f4f00000)
  to   space 39936K, 0% used [0x00000000f0100000,0x00000000f0100000,0x00000000f2800000)
 ParOldGen       total 164352K, used 97144K [0x00000000a0000000, 0x00000000aa080000, 0x00000000e0000000)
  object space 164352K, 59% used [0x00000000a0000000,0x00000000a5ede3c0,0x00000000aa080000)
 Metaspace       used 71396K, capacity 74758K, committed 75008K, reserved 1114112K
  class space    used 9244K, capacity 9973K, committed 9984K, reserved 1048576K
Event: 2249.015 GC heap after
Heap after GC invocations=27 (full 4):
 PSYoungGen      total 303104K, used 224K [0x00000000e0000000, 0x00000000f4f00000, 0x0000000100000000)
  eden space 263168K, 0% used [0x00000000e0000000,0x00000000e0000000,0x00000000f0100000)
  from space 39936K, 0% used [0x00000000f0100000,0x00000000f0138000,0x00000000f2800000)
  to   space 33280K, 0% used [0x00000000f2e80000,0x00000000f2e80000,0x00000000f4f00000)
 ParOldGen       total 164352K, used 101945K [0x00000000a0000000, 0x00000000aa080000, 0x00000000e0000000)
  object space 164352K, 62% used [0x00000000a0000000,0x00000000a638e430,0x00000000aa080000)
 Metaspace       used 71396K, capacity 74758K, committed 75008K, reserved 1114112K
  class space    used 9244K, capacity 9973K, committed 9984K, reserved 1048576K
}

